  Blackjack.cpp
C:\Users\megija\source\repos\Blackjack\Blackjack\Blackjack.cpp(158,9): error C3646: 'SuitToString': unknown override specifier
C:\Users\megija\source\repos\Blackjack\Blackjack\Blackjack.cpp(158,21): error C2059: syntax error: '('
C:\Users\megija\source\repos\Blackjack\Blackjack\Blackjack.cpp(159,2): error C2334: unexpected token(s) preceding '{'; skipping apparent function body
C:\Users\megija\source\repos\Blackjack\Blackjack\Blackjack.cpp(169,9): error C3646: 'RankToString': unknown override specifier
C:\Users\megija\source\repos\Blackjack\Blackjack\Blackjack.cpp(169,21): error C2059: syntax error: '('
C:\Users\megija\source\repos\Blackjack\Blackjack\Blackjack.cpp(170,2): error C2334: unexpected token(s) preceding '{'; skipping apparent function body
C:\Users\megija\source\repos\Blackjack\Blackjack\Blackjack.cpp(191,8): error C2143: syntax error: missing ';' before '<'
C:\Users\megija\source\repos\Blackjack\Blackjack\Blackjack.cpp(191,8): error C4430: missing type specifier - int assumed. Note: C++ does not support default-int
C:\Users\megija\source\repos\Blackjack\Blackjack\Blackjack.cpp(191,19): error C2238: unexpected token(s) preceding ';'
C:\Users\megija\source\repos\Blackjack\Blackjack\Blackjack.cpp(17,14): error C2065: 'NULL': undeclared identifier
C:\Users\megija\source\repos\Blackjack\Blackjack\Blackjack.cpp(17,9): error C3861: 'time': identifier not found
C:\Users\megija\source\repos\Blackjack\Blackjack\Blackjack.cpp(17,3): error C3861: 'srand': identifier not found
C:\Users\megija\source\repos\Blackjack\Blackjack\Blackjack.cpp(29,5): error C2065: 'deck': undeclared identifier
C:\Users\megija\source\repos\Blackjack\Blackjack\Blackjack.cpp(33,38): error C2065: 'deck': undeclared identifier
C:\Users\megija\source\repos\Blackjack\Blackjack\Blackjack.cpp(33,52): error C2065: 'deck': undeclared identifier
C:\Users\megija\source\repos\Blackjack\Blackjack\Blackjack.cpp(33,23): error C3861: 'random_shuffle': identifier not found
C:\Users\megija\source\repos\Blackjack\Blackjack\Blackjack.cpp(38,3): error C2065: 'cout': undeclared identifier
C:\Users\megija\source\repos\Blackjack\Blackjack\Blackjack.cpp(42,4): error C2065: 'cout': undeclared identifier
C:\Users\megija\source\repos\Blackjack\Blackjack\Blackjack.cpp(54,5): error C2065: 'cout': undeclared identifier
C:\Users\megija\source\repos\Blackjack\Blackjack\Blackjack.cpp(59,5): error C2065: 'cout': undeclared identifier
C:\Users\megija\source\repos\Blackjack\Blackjack\Blackjack.cpp(64,5): error C2065: 'cout': undeclared identifier
C:\Users\megija\source\repos\Blackjack\Blackjack\Blackjack.cpp(64,49): error C2065: 'endl': undeclared identifier
C:\Users\megija\source\repos\Blackjack\Blackjack\Blackjack.cpp(65,5): error C2065: 'cout': undeclared identifier
C:\Users\megija\source\repos\Blackjack\Blackjack\Blackjack.cpp(65,55): error C2065: 'endl': undeclared identifier
C:\Users\megija\source\repos\Blackjack\Blackjack\Blackjack.cpp(69,5): error C2065: 'cout': undeclared identifier
C:\Users\megija\source\repos\Blackjack\Blackjack\Blackjack.cpp(71,5): error C2065: 'cout': undeclared identifier
C:\Users\megija\source\repos\Blackjack\Blackjack\Blackjack.cpp(73,5): error C2065: 'cout': undeclared identifier
C:\Users\megija\source\repos\Blackjack\Blackjack\Blackjack.cpp(80,7): error C2065: 'deck': undeclared identifier
C:\Users\megija\source\repos\Blackjack\Blackjack\Blackjack.cpp(82,14): error C2065: 'deck': undeclared identifier
C:\Users\megija\source\repos\Blackjack\Blackjack\Blackjack.cpp(82,19): error C2065: 'deck': undeclared identifier
C:\Users\megija\source\repos\Blackjack\Blackjack\Blackjack.cpp(84,4): error C2065: 'deck': undeclared identifier
C:\Users\megija\source\repos\Blackjack\Blackjack\Blackjack.cpp(88,4): error C2065: 'cout': undeclared identifier
C:\Users\megija\source\repos\Blackjack\Blackjack\Blackjack.cpp(89,4): error C3861: 'exit': identifier not found
C:\Users\megija\source\repos\Blackjack\Blackjack\Blackjack.cpp(132,5): error C2065: 'cout': undeclared identifier
C:\Users\megija\source\repos\Blackjack\Blackjack\Blackjack.cpp(132,42): error C3861: 'RankToString': identifier not found
C:\Users\megija\source\repos\Blackjack\Blackjack\Blackjack.cpp(132,74): error C3861: 'SuitToString': identifier not found
C:\Users\megija\source\repos\Blackjack\Blackjack\Blackjack.cpp(132,98): error C2065: 'endl': undeclared identifier
C:\Users\megija\source\repos\Blackjack\Blackjack\Blackjack.cpp(133,5): error C2065: 'cout': undeclared identifier
C:\Users\megija\source\repos\Blackjack\Blackjack\Blackjack.cpp(133,47): error C2065: 'endl': undeclared identifier
C:\Users\megija\source\repos\Blackjack\Blackjack\Blackjack.cpp(134,5): error C2065: 'cout': undeclared identifier
C:\Users\megija\source\repos\Blackjack\Blackjack\Blackjack.cpp(135,5): error C2065: 'cin': undeclared identifier
C:\Users\megija\source\repos\Blackjack\Blackjack\Blackjack.cpp(136,14): error C3861: 'toupper': identifier not found
C:\Users\megija\source\repos\Blackjack\Blackjack\Blackjack.cpp(145,14): error C2065: 'cout': undeclared identifier
C:\Users\megija\source\repos\Blackjack\Blackjack\Blackjack.cpp(146,5): error C3861: 'exit': identifier not found
C:\Users\megija\source\repos\Blackjack\Blackjack\Blackjack.cpp(153,4): error C2065: 'cout': undeclared identifier
C:\Users\megija\source\repos\Blackjack\Blackjack\Blackjack.cpp(153,34): error C3861: 'RankToString': identifier not found
C:\Users\megija\source\repos\Blackjack\Blackjack\Blackjack.cpp(153,66): error C3861: 'SuitToString': identifier not found
C:\Users\megija\source\repos\Blackjack\Blackjack\Blackjack.cpp(153,90): error C2065: 'endl': undeclared identifier
C:\Users\megija\source\repos\Blackjack\Blackjack\Blackjack.cpp(154,4): error C2065: 'cout': undeclared identifier
C:\Users\megija\source\repos\Blackjack\Blackjack\Blackjack.cpp(154,50): error C2065: 'endl': undeclared identifier
C:\Users\megija\source\repos\Blackjack\Blackjack\Blackjack.cpp(199): fatal error C1075: '{': no matching token found
